  IncrementDecrementOperators.cpp
C:\Users\t012378j\OneDrive - Staffordshire University\Games Engine Creation\Portfolio\IncrementDecrementOperators\IncrementDecrementOperators\IncrementDecrementOperators.cpp(9): error C3873: '0x201c': this character is not allowed as a first character of an identifier
C:\Users\t012378j\OneDrive - Staffordshire University\Games Engine Creation\Portfolio\IncrementDecrementOperators\IncrementDecrementOperators\IncrementDecrementOperators.cpp(9): error C2065: '“num': undeclared identifier
C:\Users\t012378j\OneDrive - Staffordshire University\Games Engine Creation\Portfolio\IncrementDecrementOperators\IncrementDecrementOperators\IncrementDecrementOperators.cpp(9): error C2065: '“': undeclared identifier
C:\Users\t012378j\OneDrive - Staffordshire University\Games Engine Creation\Portfolio\IncrementDecrementOperators\IncrementDecrementOperators\IncrementDecrementOperators.cpp(10): error C3873: '0x201c': this character is not allowed as a first character of an identifier
C:\Users\t012378j\OneDrive - Staffordshire University\Games Engine Creation\Portfolio\IncrementDecrementOperators\IncrementDecrementOperators\IncrementDecrementOperators.cpp(10): error C2065: '“Increment': undeclared identifier
C:\Users\t012378j\OneDrive - Staffordshire University\Games Engine Creation\Portfolio\IncrementDecrementOperators\IncrementDecrementOperators\IncrementDecrementOperators.cpp(10): error C2146: syntax error: missing ';' before identifier 'Operator'
C:\Users\t012378j\OneDrive - Staffordshire University\Games Engine Creation\Portfolio\IncrementDecrementOperators\IncrementDecrementOperators\IncrementDecrementOperators.cpp(10): error C2065: 'Operator': undeclared identifier
C:\Users\t012378j\OneDrive - Staffordshire University\Games Engine Creation\Portfolio\IncrementDecrementOperators\IncrementDecrementOperators\IncrementDecrementOperators.cpp(10): error C2146: syntax error: missing ';' before identifier 'before'
C:\Users\t012378j\OneDrive - Staffordshire University\Games Engine Creation\Portfolio\IncrementDecrementOperators\IncrementDecrementOperators\IncrementDecrementOperators.cpp(10): error C2065: 'before': undeclared identifier
C:\Users\t012378j\OneDrive - Staffordshire University\Games Engine Creation\Portfolio\IncrementDecrementOperators\IncrementDecrementOperators\IncrementDecrementOperators.cpp(10): error C2146: syntax error: missing ';' before identifier 'num'
C:\Users\t012378j\OneDrive - Staffordshire University\Games Engine Creation\Portfolio\IncrementDecrementOperators\IncrementDecrementOperators\IncrementDecrementOperators.cpp(10): error C2065: '“': undeclared identifier
C:\Users\t012378j\OneDrive - Staffordshire University\Games Engine Creation\Portfolio\IncrementDecrementOperators\IncrementDecrementOperators\IncrementDecrementOperators.cpp(11): error C3873: '0x201c': this character is not allowed as a first character of an identifier
C:\Users\t012378j\OneDrive - Staffordshire University\Games Engine Creation\Portfolio\IncrementDecrementOperators\IncrementDecrementOperators\IncrementDecrementOperators.cpp(11): error C2065: '“num': undeclared identifier
C:\Users\t012378j\OneDrive - Staffordshire University\Games Engine Creation\Portfolio\IncrementDecrementOperators\IncrementDecrementOperators\IncrementDecrementOperators.cpp(11): error C2146: syntax error: missing ';' before identifier 'after'
C:\Users\t012378j\OneDrive - Staffordshire University\Games Engine Creation\Portfolio\IncrementDecrementOperators\IncrementDecrementOperators\IncrementDecrementOperators.cpp(11): error C2065: 'after': undeclared identifier
C:\Users\t012378j\OneDrive - Staffordshire University\Games Engine Creation\Portfolio\IncrementDecrementOperators\IncrementDecrementOperators\IncrementDecrementOperators.cpp(11): error C2065: '“': undeclared identifier
C:\Users\t012378j\OneDrive - Staffordshire University\Games Engine Creation\Portfolio\IncrementDecrementOperators\IncrementDecrementOperators\IncrementDecrementOperators.cpp(17): error C3873: '0x201c': this character is not allowed as a first character of an identifier
C:\Users\t012378j\OneDrive - Staffordshire University\Games Engine Creation\Portfolio\IncrementDecrementOperators\IncrementDecrementOperators\IncrementDecrementOperators.cpp(17): error C2065: '“num': undeclared identifier
C:\Users\t012378j\OneDrive - Staffordshire University\Games Engine Creation\Portfolio\IncrementDecrementOperators\IncrementDecrementOperators\IncrementDecrementOperators.cpp(17): error C2065: '“': undeclared identifier
C:\Users\t012378j\OneDrive - Staffordshire University\Games Engine Creation\Portfolio\IncrementDecrementOperators\IncrementDecrementOperators\IncrementDecrementOperators.cpp(18): error C3873: '0x201c': this character is not allowed as a first character of an identifier
C:\Users\t012378j\OneDrive - Staffordshire University\Games Engine Creation\Portfolio\IncrementDecrementOperators\IncrementDecrementOperators\IncrementDecrementOperators.cpp(18): error C2065: '“Increment': undeclared identifier
C:\Users\t012378j\OneDrive - Staffordshire University\Games Engine Creation\Portfolio\IncrementDecrementOperators\IncrementDecrementOperators\IncrementDecrementOperators.cpp(18): error C2146: syntax error: missing ';' before identifier 'Operator'
C:\Users\t012378j\OneDrive - Staffordshire University\Games Engine Creation\Portfolio\IncrementDecrementOperators\IncrementDecrementOperators\IncrementDecrementOperators.cpp(18): error C2065: 'Operator': undeclared identifier
C:\Users\t012378j\OneDrive - Staffordshire University\Games Engine Creation\Portfolio\IncrementDecrementOperators\IncrementDecrementOperators\IncrementDecrementOperators.cpp(18): error C2146: syntax error: missing ';' before identifier 'after'
C:\Users\t012378j\OneDrive - Staffordshire University\Games Engine Creation\Portfolio\IncrementDecrementOperators\IncrementDecrementOperators\IncrementDecrementOperators.cpp(18): error C2065: 'after': undeclared identifier
C:\Users\t012378j\OneDrive - Staffordshire University\Games Engine Creation\Portfolio\IncrementDecrementOperators\IncrementDecrementOperators\IncrementDecrementOperators.cpp(18): error C2146: syntax error: missing ';' before identifier 'num'
C:\Users\t012378j\OneDrive - Staffordshire University\Games Engine Creation\Portfolio\IncrementDecrementOperators\IncrementDecrementOperators\IncrementDecrementOperators.cpp(18): error C2065: '“': undeclared identifier
C:\Users\t012378j\OneDrive - Staffordshire University\Games Engine Creation\Portfolio\IncrementDecrementOperators\IncrementDecrementOperators\IncrementDecrementOperators.cpp(19): error C3873: '0x201c': this character is not allowed as a first character of an identifier
C:\Users\t012378j\OneDrive - Staffordshire University\Games Engine Creation\Portfolio\IncrementDecrementOperators\IncrementDecrementOperators\IncrementDecrementOperators.cpp(19): error C2065: '“num': undeclared identifier
C:\Users\t012378j\OneDrive - Staffordshire University\Games Engine Creation\Portfolio\IncrementDecrementOperators\IncrementDecrementOperators\IncrementDecrementOperators.cpp(19): error C2146: syntax error: missing ';' before identifier 'after'
C:\Users\t012378j\OneDrive - Staffordshire University\Games Engine Creation\Portfolio\IncrementDecrementOperators\IncrementDecrementOperators\IncrementDecrementOperators.cpp(19): error C2065: 'after': undeclared identifier
C:\Users\t012378j\OneDrive - Staffordshire University\Games Engine Creation\Portfolio\IncrementDecrementOperators\IncrementDecrementOperators\IncrementDecrementOperators.cpp(19): error C2065: '“': undeclared identifier
C:\Users\t012378j\OneDrive - Staffordshire University\Games Engine Creation\Portfolio\IncrementDecrementOperators\IncrementDecrementOperators\IncrementDecrementOperators.cpp(24): error C3873: '0x201c': this character is not allowed as a first character of an identifier
C:\Users\t012378j\OneDrive - Staffordshire University\Games Engine Creation\Portfolio\IncrementDecrementOperators\IncrementDecrementOperators\IncrementDecrementOperators.cpp(24): error C2065: '“num': undeclared identifier
C:\Users\t012378j\OneDrive - Staffordshire University\Games Engine Creation\Portfolio\IncrementDecrementOperators\IncrementDecrementOperators\IncrementDecrementOperators.cpp(24): error C2065: '“': undeclared identifier
C:\Users\t012378j\OneDrive - Staffordshire University\Games Engine Creation\Portfolio\IncrementDecrementOperators\IncrementDecrementOperators\IncrementDecrementOperators.cpp(25): error C3873: '0x201c': this character is not allowed as a first character of an identifier
C:\Users\t012378j\OneDrive - Staffordshire University\Games Engine Creation\Portfolio\IncrementDecrementOperators\IncrementDecrementOperators\IncrementDecrementOperators.cpp(25): error C2065: '“Decrement': undeclared identifier
C:\Users\t012378j\OneDrive - Staffordshire University\Games Engine Creation\Portfolio\IncrementDecrementOperators\IncrementDecrementOperators\IncrementDecrementOperators.cpp(25): error C2146: syntax error: missing ';' before identifier 'Operator'
C:\Users\t012378j\OneDrive - Staffordshire University\Games Engine Creation\Portfolio\IncrementDecrementOperators\IncrementDecrementOperators\IncrementDecrementOperators.cpp(25): error C2065: 'Operator': undeclared identifier
C:\Users\t012378j\OneDrive - Staffordshire University\Games Engine Creation\Portfolio\IncrementDecrementOperators\IncrementDecrementOperators\IncrementDecrementOperators.cpp(25): error C2146: syntax error: missing ';' before identifier 'after'
C:\Users\t012378j\OneDrive - Staffordshire University\Games Engine Creation\Portfolio\IncrementDecrementOperators\IncrementDecrementOperators\IncrementDecrementOperators.cpp(25): error C2065: 'after': undeclared identifier
C:\Users\t012378j\OneDrive - Staffordshire University\Games Engine Creation\Portfolio\IncrementDecrementOperators\IncrementDecrementOperators\IncrementDecrementOperators.cpp(25): error C2146: syntax error: missing ';' before identifier 'num'
C:\Users\t012378j\OneDrive - Staffordshire University\Games Engine Creation\Portfolio\IncrementDecrementOperators\IncrementDecrementOperators\IncrementDecrementOperators.cpp(25): error C2065: '“': undeclared identifier
C:\Users\t012378j\OneDrive - Staffordshire University\Games Engine Creation\Portfolio\IncrementDecrementOperators\IncrementDecrementOperators\IncrementDecrementOperators.cpp(26): error C3873: '0x201c': this character is not allowed as a first character of an identifier
C:\Users\t012378j\OneDrive - Staffordshire University\Games Engine Creation\Portfolio\IncrementDecrementOperators\IncrementDecrementOperators\IncrementDecrementOperators.cpp(26): error C2065: '“num': undeclared identifier
C:\Users\t012378j\OneDrive - Staffordshire University\Games Engine Creation\Portfolio\IncrementDecrementOperators\IncrementDecrementOperators\IncrementDecrementOperators.cpp(26): error C2146: syntax error: missing ';' before identifier 'after'
C:\Users\t012378j\OneDrive - Staffordshire University\Games Engine Creation\Portfolio\IncrementDecrementOperators\IncrementDecrementOperators\IncrementDecrementOperators.cpp(26): error C2065: 'after': undeclared identifier
C:\Users\t012378j\OneDrive - Staffordshire University\Games Engine Creation\Portfolio\IncrementDecrementOperators\IncrementDecrementOperators\IncrementDecrementOperators.cpp(26): error C2065: '“': undeclared identifier
C:\Users\t012378j\OneDrive - Staffordshire University\Games Engine Creation\Portfolio\IncrementDecrementOperators\IncrementDecrementOperators\IncrementDecrementOperators.cpp(31): error C3873: '0x201c': this character is not allowed as a first character of an identifier
C:\Users\t012378j\OneDrive - Staffordshire University\Games Engine Creation\Portfolio\IncrementDecrementOperators\IncrementDecrementOperators\IncrementDecrementOperators.cpp(31): error C2065: '“num': undeclared identifier
C:\Users\t012378j\OneDrive - Staffordshire University\Games Engine Creation\Portfolio\IncrementDecrementOperators\IncrementDecrementOperators\IncrementDecrementOperators.cpp(31): error C2065: '“': undeclared identifier
C:\Users\t012378j\OneDrive - Staffordshire University\Games Engine Creation\Portfolio\IncrementDecrementOperators\IncrementDecrementOperators\IncrementDecrementOperators.cpp(32): error C3873: '0x201c': this character is not allowed as a first character of an identifier
C:\Users\t012378j\OneDrive - Staffordshire University\Games Engine Creation\Portfolio\IncrementDecrementOperators\IncrementDecrementOperators\IncrementDecrementOperators.cpp(32): error C2065: '“Decrement': undeclared identifier
C:\Users\t012378j\OneDrive - Staffordshire University\Games Engine Creation\Portfolio\IncrementDecrementOperators\IncrementDecrementOperators\IncrementDecrementOperators.cpp(32): error C2146: syntax error: missing ';' before identifier 'Operator'
C:\Users\t012378j\OneDrive - Staffordshire University\Games Engine Creation\Portfolio\IncrementDecrementOperators\IncrementDecrementOperators\IncrementDecrementOperators.cpp(32): error C2065: 'Operator': undeclared identifier
C:\Users\t012378j\OneDrive - Staffordshire University\Games Engine Creation\Portfolio\IncrementDecrementOperators\IncrementDecrementOperators\IncrementDecrementOperators.cpp(32): error C2146: syntax error: missing ';' before identifier 'after'
C:\Users\t012378j\OneDrive - Staffordshire University\Games Engine Creation\Portfolio\IncrementDecrementOperators\IncrementDecrementOperators\IncrementDecrementOperators.cpp(32): error C2065: 'after': undeclared identifier
C:\Users\t012378j\OneDrive - Staffordshire University\Games Engine Creation\Portfolio\IncrementDecrementOperators\IncrementDecrementOperators\IncrementDecrementOperators.cpp(32): error C2146: syntax error: missing ';' before identifier 'num'
C:\Users\t012378j\OneDrive - Staffordshire University\Games Engine Creation\Portfolio\IncrementDecrementOperators\IncrementDecrementOperators\IncrementDecrementOperators.cpp(32): error C2065: '“': undeclared identifier
C:\Users\t012378j\OneDrive - Staffordshire University\Games Engine Creation\Portfolio\IncrementDecrementOperators\IncrementDecrementOperators\IncrementDecrementOperators.cpp(33): error C3873: '0x201c': this character is not allowed as a first character of an identifier
C:\Users\t012378j\OneDrive - Staffordshire University\Games Engine Creation\Portfolio\IncrementDecrementOperators\IncrementDecrementOperators\IncrementDecrementOperators.cpp(33): error C2065: '“num': undeclared identifier
C:\Users\t012378j\OneDrive - Staffordshire University\Games Engine Creation\Portfolio\IncrementDecrementOperators\IncrementDecrementOperators\IncrementDecrementOperators.cpp(33): error C2146: syntax error: missing ';' before identifier 'after'
C:\Users\t012378j\OneDrive - Staffordshire University\Games Engine Creation\Portfolio\IncrementDecrementOperators\IncrementDecrementOperators\IncrementDecrementOperators.cpp(33): error C2065: 'after': undeclared identifier
C:\Users\t012378j\OneDrive - Staffordshire University\Games Engine Creation\Portfolio\IncrementDecrementOperators\IncrementDecrementOperators\IncrementDecrementOperators.cpp(33): error C2065: '“': undeclared identifier
